

Processing ApplicationController#index (for 127.0.0.1 at 2009-09-30 16:27:50) [GET]

ActionController::RoutingError (No route matches "/" with {:method=>:get}):
  

Rendering rescues/layout (not_found)


Processing ApplicationController#index (for 127.0.0.1 at 2009-09-30 16:30:05) [GET]

ActionController::RoutingError (No route matches "/" with {:method=>:get}):
  

Rendering rescues/layout (not_found)
/!\ FAILSAFE /!\  Wed Sep 30 19:30:50 -0400 2009
  Status: 500 Internal Server Error
  Missing helper file helpers/current_user_helper.rb
    /usr/local/lib/ruby/gems/1.8/gems/actionpack-2.3.3/lib/action_controller/helpers.rb:131:in `helper'
    /usr/local/lib/ruby/gems/1.8/gems/actionpack-2.3.3/lib/action_controller/helpers.rb:115:in `each'
    /usr/local/lib/ruby/gems/1.8/gems/actionpack-2.3.3/lib/action_controller/helpers.rb:115:in `helper'
    /Users/rofreg/Desktop/Rails/reservations/app/controllers/application_controller.rb:7
    /usr/local/lib/ruby/gems/1.8/gems/activesupport-2.3.3/lib/active_support/dependencies.rb:380:in `load_without_new_constant_marking'
    /usr/local/lib/ruby/gems/1.8/gems/activesupport-2.3.3/lib/active_support/dependencies.rb:380:in `load_file'
    /usr/local/lib/ruby/gems/1.8/gems/activesupport-2.3.3/lib/active_support/dependencies.rb:521:in `new_constants_in'
    /usr/local/lib/ruby/gems/1.8/gems/activesupport-2.3.3/lib/active_support/dependencies.rb:379:in `load_file'
    /usr/local/lib/ruby/gems/1.8/gems/activesupport-2.3.3/lib/active_support/dependencies.rb:259:in `require_or_load'
    /usr/local/lib/ruby/gems/1.8/gems/activesupport-2.3.3/lib/active_support/dependencies.rb:425:in `load_missing_constant'
    /usr/local/lib/ruby/gems/1.8/gems/activesupport-2.3.3/lib/active_support/dependencies.rb:80:in `const_missing'
    /usr/local/lib/ruby/gems/1.8/gems/activesupport-2.3.3/lib/active_support/dependencies.rb:92:in `const_missing'
    /usr/local/lib/ruby/gems/1.8/gems/actionpack-2.3.3/lib/action_controller/dispatcher.rb:90:in `dispatch'
    /usr/local/lib/ruby/gems/1.8/gems/actionpack-2.3.3/lib/action_controller/dispatcher.rb:111:in `_call'
    /usr/local/lib/ruby/gems/1.8/gems/actionpack-2.3.3/lib/action_controller/dispatcher.rb:82:in `initialize'
    /usr/local/lib/ruby/gems/1.8/gems/activerecord-2.3.3/lib/active_record/query_cache.rb:29:in `call'
    /usr/local/lib/ruby/gems/1.8/gems/activerecord-2.3.3/lib/active_record/query_cache.rb:29:in `call'
    /usr/local/lib/ruby/gems/1.8/gems/activerecord-2.3.3/lib/active_record/connection_adapters/abstract/query_cache.rb:34:in `cache'
    /usr/local/lib/ruby/gems/1.8/gems/activerecord-2.3.3/lib/active_record/query_cache.rb:9:in `cache'
    /usr/local/lib/ruby/gems/1.8/gems/activerecord-2.3.3/lib/active_record/query_cache.rb:28:in `call'
    /usr/local/lib/ruby/gems/1.8/gems/activerecord-2.3.3/lib/active_record/connection_adapters/abstract/connection_pool.rb:361:in `call'
    /usr/local/lib/ruby/gems/1.8/gems/rack-1.0.0/lib/rack/head.rb:9:in `call'
    /usr/local/lib/ruby/gems/1.8/gems/rack-1.0.0/lib/rack/methodoverride.rb:24:in `call'
    /usr/local/lib/ruby/gems/1.8/gems/actionpack-2.3.3/lib/action_controller/params_parser.rb:15:in `call'
    /usr/local/lib/ruby/gems/1.8/gems/actionpack-2.3.3/lib/action_controller/session/cookie_store.rb:93:in `call'
    /usr/local/lib/ruby/gems/1.8/gems/actionpack-2.3.3/lib/action_controller/reloader.rb:29:in `call'
    /usr/local/lib/ruby/gems/1.8/gems/actionpack-2.3.3/lib/action_controller/failsafe.rb:26:in `call'
    /usr/local/lib/ruby/gems/1.8/gems/rack-1.0.0/lib/rack/lock.rb:11:in `call'
    /usr/local/lib/ruby/gems/1.8/gems/rack-1.0.0/lib/rack/lock.rb:11:in `synchronize'
    /usr/local/lib/ruby/gems/1.8/gems/rack-1.0.0/lib/rack/lock.rb:11:in `call'
    /usr/local/lib/ruby/gems/1.8/gems/actionpack-2.3.3/lib/action_controller/dispatcher.rb:106:in `call'
    /usr/local/lib/ruby/gems/1.8/gems/rails-2.3.3/lib/rails/rack/static.rb:31:in `call'
    /usr/local/lib/ruby/gems/1.8/gems/rack-1.0.0/lib/rack/urlmap.rb:46:in `call'
    /usr/local/lib/ruby/gems/1.8/gems/rack-1.0.0/lib/rack/urlmap.rb:40:in `each'
    /usr/local/lib/ruby/gems/1.8/gems/rack-1.0.0/lib/rack/urlmap.rb:40:in `call'
    /usr/local/lib/ruby/gems/1.8/gems/rails-2.3.3/lib/rails/rack/log_tailer.rb:17:in `call'
    /usr/local/lib/ruby/gems/1.8/gems/rack-1.0.0/lib/rack/content_length.rb:13:in `call'
    /usr/local/lib/ruby/gems/1.8/gems/rack-1.0.0/lib/rack/chunked.rb:15:in `call'
    /usr/local/lib/ruby/gems/1.8/gems/rack-1.0.0/lib/rack/handler/mongrel.rb:61:in `process'
    /usr/local/lib/ruby/gems/1.8/gems/mongrel-1.1.5/lib/mongrel.rb:159:in `process_client'
    /usr/local/lib/ruby/gems/1.8/gems/mongrel-1.1.5/lib/mongrel.rb:158:in `each'
    /usr/local/lib/ruby/gems/1.8/gems/mongrel-1.1.5/lib/mongrel.rb:158:in `process_client'
    /usr/local/lib/ruby/gems/1.8/gems/mongrel-1.1.5/lib/mongrel.rb:285:in `run'
    /usr/local/lib/ruby/gems/1.8/gems/mongrel-1.1.5/lib/mongrel.rb:285:in `initialize'
    /usr/local/lib/ruby/gems/1.8/gems/mongrel-1.1.5/lib/mongrel.rb:285:in `new'
    /usr/local/lib/ruby/gems/1.8/gems/mongrel-1.1.5/lib/mongrel.rb:285:in `run'
    /usr/local/lib/ruby/gems/1.8/gems/mongrel-1.1.5/lib/mongrel.rb:268:in `initialize'
    /usr/local/lib/ruby/gems/1.8/gems/mongrel-1.1.5/lib/mongrel.rb:268:in `new'
    /usr/local/lib/ruby/gems/1.8/gems/mongrel-1.1.5/lib/mongrel.rb:268:in `run'
    /usr/local/lib/ruby/gems/1.8/gems/rack-1.0.0/lib/rack/handler/mongrel.rb:34:in `run'
    /usr/local/lib/ruby/gems/1.8/gems/rails-2.3.3/lib/commands/server.rb:111
    /usr/local/lib/ruby/site_ruby/1.8/rubygems/custom_require.rb:31:in `gem_original_require'
    /usr/local/lib/ruby/site_ruby/1.8/rubygems/custom_require.rb:31:in `require'
    script/server:3
/!\ FAILSAFE /!\  Wed Sep 30 19:30:52 -0400 2009
  Status: 500 Internal Server Error
  Missing helper file helpers/current_user_helper.rb
    /usr/local/lib/ruby/gems/1.8/gems/actionpack-2.3.3/lib/action_controller/helpers.rb:131:in `helper'
    /usr/local/lib/ruby/gems/1.8/gems/actionpack-2.3.3/lib/action_controller/helpers.rb:115:in `each'
    /usr/local/lib/ruby/gems/1.8/gems/actionpack-2.3.3/lib/action_controller/helpers.rb:115:in `helper'
    /Users/rofreg/Desktop/Rails/reservations/app/controllers/application_controller.rb:7
    /usr/local/lib/ruby/gems/1.8/gems/activesupport-2.3.3/lib/active_support/dependencies.rb:380:in `load_without_new_constant_marking'
    /usr/local/lib/ruby/gems/1.8/gems/activesupport-2.3.3/lib/active_support/dependencies.rb:380:in `load_file'
    /usr/local/lib/ruby/gems/1.8/gems/activesupport-2.3.3/lib/active_support/dependencies.rb:521:in `new_constants_in'
    /usr/local/lib/ruby/gems/1.8/gems/activesupport-2.3.3/lib/active_support/dependencies.rb:379:in `load_file'
    /usr/local/lib/ruby/gems/1.8/gems/activesupport-2.3.3/lib/active_support/dependencies.rb:259:in `require_or_load'
    /usr/local/lib/ruby/gems/1.8/gems/activesupport-2.3.3/lib/active_support/dependencies.rb:425:in `load_missing_constant'
    /usr/local/lib/ruby/gems/1.8/gems/activesupport-2.3.3/lib/active_support/dependencies.rb:80:in `const_missing'
    /usr/local/lib/ruby/gems/1.8/gems/activesupport-2.3.3/lib/active_support/dependencies.rb:92:in `const_missing'
    /usr/local/lib/ruby/gems/1.8/gems/actionpack-2.3.3/lib/action_controller/dispatcher.rb:90:in `dispatch'
    /usr/local/lib/ruby/gems/1.8/gems/actionpack-2.3.3/lib/action_controller/dispatcher.rb:111:in `_call'
    /usr/local/lib/ruby/gems/1.8/gems/actionpack-2.3.3/lib/action_controller/dispatcher.rb:82:in `initialize'
    /usr/local/lib/ruby/gems/1.8/gems/activerecord-2.3.3/lib/active_record/query_cache.rb:29:in `call'
    /usr/local/lib/ruby/gems/1.8/gems/activerecord-2.3.3/lib/active_record/query_cache.rb:29:in `call'
    /usr/local/lib/ruby/gems/1.8/gems/activerecord-2.3.3/lib/active_record/connection_adapters/abstract/query_cache.rb:34:in `cache'
    /usr/local/lib/ruby/gems/1.8/gems/activerecord-2.3.3/lib/active_record/query_cache.rb:9:in `cache'
    /usr/local/lib/ruby/gems/1.8/gems/activerecord-2.3.3/lib/active_record/query_cache.rb:28:in `call'
    /usr/local/lib/ruby/gems/1.8/gems/activerecord-2.3.3/lib/active_record/connection_adapters/abstract/connection_pool.rb:361:in `call'
    /usr/local/lib/ruby/gems/1.8/gems/rack-1.0.0/lib/rack/head.rb:9:in `call'
    /usr/local/lib/ruby/gems/1.8/gems/rack-1.0.0/lib/rack/methodoverride.rb:24:in `call'
    /usr/local/lib/ruby/gems/1.8/gems/actionpack-2.3.3/lib/action_controller/params_parser.rb:15:in `call'
    /usr/local/lib/ruby/gems/1.8/gems/actionpack-2.3.3/lib/action_controller/session/cookie_store.rb:93:in `call'
    /usr/local/lib/ruby/gems/1.8/gems/actionpack-2.3.3/lib/action_controller/reloader.rb:29:in `call'
    /usr/local/lib/ruby/gems/1.8/gems/actionpack-2.3.3/lib/action_controller/failsafe.rb:26:in `call'
    /usr/local/lib/ruby/gems/1.8/gems/rack-1.0.0/lib/rack/lock.rb:11:in `call'
    /usr/local/lib/ruby/gems/1.8/gems/rack-1.0.0/lib/rack/lock.rb:11:in `synchronize'
    /usr/local/lib/ruby/gems/1.8/gems/rack-1.0.0/lib/rack/lock.rb:11:in `call'
    /usr/local/lib/ruby/gems/1.8/gems/actionpack-2.3.3/lib/action_controller/dispatcher.rb:106:in `call'
    /usr/local/lib/ruby/gems/1.8/gems/rails-2.3.3/lib/rails/rack/static.rb:31:in `call'
    /usr/local/lib/ruby/gems/1.8/gems/rack-1.0.0/lib/rack/urlmap.rb:46:in `call'
    /usr/local/lib/ruby/gems/1.8/gems/rack-1.0.0/lib/rack/urlmap.rb:40:in `each'
    /usr/local/lib/ruby/gems/1.8/gems/rack-1.0.0/lib/rack/urlmap.rb:40:in `call'
    /usr/local/lib/ruby/gems/1.8/gems/rails-2.3.3/lib/rails/rack/log_tailer.rb:17:in `call'
    /usr/local/lib/ruby/gems/1.8/gems/rack-1.0.0/lib/rack/content_length.rb:13:in `call'
    /usr/local/lib/ruby/gems/1.8/gems/rack-1.0.0/lib/rack/chunked.rb:15:in `call'
    /usr/local/lib/ruby/gems/1.8/gems/rack-1.0.0/lib/rack/handler/mongrel.rb:61:in `process'
    /usr/local/lib/ruby/gems/1.8/gems/mongrel-1.1.5/lib/mongrel.rb:159:in `process_client'
    /usr/local/lib/ruby/gems/1.8/gems/mongrel-1.1.5/lib/mongrel.rb:158:in `each'
    /usr/local/lib/ruby/gems/1.8/gems/mongrel-1.1.5/lib/mongrel.rb:158:in `process_client'
    /usr/local/lib/ruby/gems/1.8/gems/mongrel-1.1.5/lib/mongrel.rb:285:in `run'
    /usr/local/lib/ruby/gems/1.8/gems/mongrel-1.1.5/lib/mongrel.rb:285:in `initialize'
    /usr/local/lib/ruby/gems/1.8/gems/mongrel-1.1.5/lib/mongrel.rb:285:in `new'
    /usr/local/lib/ruby/gems/1.8/gems/mongrel-1.1.5/lib/mongrel.rb:285:in `run'
    /usr/local/lib/ruby/gems/1.8/gems/mongrel-1.1.5/lib/mongrel.rb:268:in `initialize'
    /usr/local/lib/ruby/gems/1.8/gems/mongrel-1.1.5/lib/mongrel.rb:268:in `new'
    /usr/local/lib/ruby/gems/1.8/gems/mongrel-1.1.5/lib/mongrel.rb:268:in `run'
    /usr/local/lib/ruby/gems/1.8/gems/rack-1.0.0/lib/rack/handler/mongrel.rb:34:in `run'
    /usr/local/lib/ruby/gems/1.8/gems/rails-2.3.3/lib/commands/server.rb:111
    /usr/local/lib/ruby/site_ruby/1.8/rubygems/custom_require.rb:31:in `gem_original_require'
    /usr/local/lib/ruby/site_ruby/1.8/rubygems/custom_require.rb:31:in `require'
    script/server:3


Processing ApplicationController#index (for 127.0.0.1 at 2009-09-30 19:31:25) [GET]

ActionController::RoutingError (No route matches "/" with {:method=>:get}):
  

Rendering rescues/layout (not_found)


Processing ActionController::Base#index (for 127.0.0.1 at 2009-09-30 19:34:33) [GET]

ActionController::RoutingError (No route matches "/" with {:method=>:get}):
  

Rendering rescues/layout (not_found)


Processing ActionController::Base#index (for 127.0.0.1 at 2009-09-30 19:34:34) [GET]

ActionController::RoutingError (No route matches "/" with {:method=>:get}):
  

Rendering rescues/layout (not_found)


Processing ActionController::Base#index (for 127.0.0.1 at 2009-09-30 19:34:35) [GET]

ActionController::RoutingError (No route matches "/" with {:method=>:get}):
  

Rendering rescues/layout (not_found)


Processing ApplicationController#index (for 127.0.0.1 at 2009-09-30 19:34:46) [GET]

ActionController::RoutingError (No route matches "/" with {:method=>:get}):
  

Rendering rescues/layout (not_found)


Processing ApplicationController#index (for 127.0.0.1 at 2009-09-30 19:34:48) [GET]

ActionController::RoutingError (No route matches "/" with {:method=>:get}):
  

Rendering rescues/layout (not_found)


Processing ApplicationController#index (for 127.0.0.1 at 2009-09-30 19:46:06) [GET]

ActionController::RoutingError (No route matches "/" with {:method=>:get}):
  

Rendering rescues/layout (not_found)


Processing UsersController#index (for 127.0.0.1 at 2009-09-30 19:46:29) [GET]
Guessed service url: "http://localhost:3000/users"
Generated login url: https://secure.its.yale.edu/cas/login?service=http%3A%2F%2Flocalhost%3A3000%2Fusers
Redirecting to "https://secure.its.yale.edu/cas/login?service=http%3A%2F%2Flocalhost%3A3000%2Fusers"
Redirected to https://secure.its.yale.edu/cas/login?service=http%3A%2F%2Flocalhost%3A3000%2Fusers
Filter chain halted as [CASClient::Frameworks::Rails::Filter] rendered_or_redirected.
Completed in 95ms (DB: 0) | 302 Found [http://localhost/]


Processing UsersController#index (for 127.0.0.1 at 2009-09-30 19:46:33) [GET]
  Parameters: {"ticket"=>"ST-4615998-KZ9iOLNZxbLaRTVW881B"}
Request contains ticket "ST-4615998-KZ9iOLNZxbLaRTVW881B".
Guessed service url: "http://localhost:3000/users"
Requesting CAS response for URI https://secure.its.yale.edu/cas/proxyValidate?ticket=ST-4615998-KZ9iOLNZxbLaRTVW881B&service=http%3A%2F%2Flocalhost%3A3000%2Fusers
CAS server responded with #<Net::HTTPOK 200 OK readbody=true>:
<cas:serviceResponse xmlns:cas='http://www.yale.edu/tp/cas'>
  <cas:authenticationSuccess>
    <cas:user>rjl39</cas:user>
  </cas:authenticationSuccess>
</cas:serviceResponse>
Ticket "ST-4615998-KZ9iOLNZxbLaRTVW881B" for service "http://localhost:3000/users" belonging to user "rjl39" is VALID.
Extra user attributes provided along with ticket "ST-4615998-KZ9iOLNZxbLaRTVW881B": {}.
  [4;36;1mUser Load (0.0ms)[0m   [0;1mSQLite3::SQLException: no such table: users: SELECT * FROM "users" [0m

ActiveRecord::StatementInvalid (SQLite3::SQLException: no such table: users: SELECT * FROM "users" ):
  app/controllers/users_controller.rb:3:in `index'

Rendered rescues/_trace (39.5ms)
Rendered rescues/_request_and_response (39.1ms)
Rendering rescues/layout (internal_server_error)


Processing UsersController#index (for 127.0.0.1 at 2009-09-30 19:46:39) [GET]
  Parameters: {"ticket"=>"ST-4615998-KZ9iOLNZxbLaRTVW881B"}
Request contains ticket "ST-4615998-KZ9iOLNZxbLaRTVW881B".
Guessed service url: "http://localhost:3000/users"
Re-using previously validated ticket since the ticket id and service are the same.
  [4;35;1mUser Load (0.0ms)[0m   [0mSQLite3::SQLException: no such table: users: SELECT * FROM "users" [0m

ActiveRecord::StatementInvalid (SQLite3::SQLException: no such table: users: SELECT * FROM "users" ):
  app/controllers/users_controller.rb:3:in `index'

Rendered rescues/_trace (41.6ms)
Rendered rescues/_request_and_response (0.6ms)
Rendering rescues/layout (internal_server_error)
  [4;36;1mSQL (0.6ms)[0m   [0;1m SELECT name
 FROM sqlite_master
 WHERE type = 'table' AND NOT name = 'sqlite_sequence'
[0m
  [4;35;1mSQL (0.2ms)[0m   [0mselect sqlite_version(*)[0m
  [4;36;1mSQL (3.1ms)[0m   [0;1mCREATE TABLE "schema_migrations" ("version" varchar(255) NOT NULL) [0m
  [4;35;1mSQL (2.3ms)[0m   [0mCREATE UNIQUE INDEX "unique_schema_migrations" ON "schema_migrations" ("version")[0m
  [4;36;1mSQL (0.3ms)[0m   [0;1m SELECT name
 FROM sqlite_master
 WHERE type = 'table' AND NOT name = 'sqlite_sequence'
[0m
  [4;35;1mSQL (0.2ms)[0m   [0mSELECT version FROM schema_migrations[0m
Migrating to CreateUsers (20090930234012)
  [4;36;1mSQL (0.8ms)[0m   [0;1mCREATE TABLE "users" ("id" INTEGER PRIMARY KEY AUTOINCREMENT NOT NULL, "login" varchar(255), "first_name" varchar(255), "last_name" varchar(255), "nickname" varchar(255), "phone" varchar(255), "email" varchar(255), "affiliation" varchar(255), "is_banned" boolean, "created_at" datetime, "updated_at" datetime) [0m
  [4;35;1mSQL (0.2ms)[0m   [0mINSERT INTO schema_migrations (version) VALUES ('20090930234012')[0m
  [4;36;1mSQL (0.3ms)[0m   [0;1m SELECT name
 FROM sqlite_master
 WHERE type = 'table' AND NOT name = 'sqlite_sequence'
[0m
  [4;35;1mSQL (0.2ms)[0m   [0mSELECT version FROM schema_migrations[0m
  [4;36;1mSQL (0.2ms)[0m   [0;1m SELECT name
 FROM sqlite_master
 WHERE type = 'table' AND NOT name = 'sqlite_sequence'
[0m
  [4;35;1mSQL (0.1ms)[0m   [0mPRAGMA index_list("users")[0m


Processing UsersController#index (for 127.0.0.1 at 2009-09-30 19:46:42) [GET]
  Parameters: {"ticket"=>"ST-4615998-KZ9iOLNZxbLaRTVW881B"}
Request contains ticket "ST-4615998-KZ9iOLNZxbLaRTVW881B".
Guessed service url: "http://localhost:3000/users"
Re-using previously validated ticket since the ticket id and service are the same.
  [4;36;1mUser Load (0.5ms)[0m   [0;1mSELECT * FROM "users" [0m
Rendering template within layouts/application
Rendering users/index
Completed in 159ms (View: 153, DB: 1) | 200 OK [http://localhost/users?ticket=ST-4615998-KZ9iOLNZxbLaRTVW881B]


Processing ApplicationController#index (for 127.0.0.1 at 2009-09-30 19:46:42) [GET]

ActionController::RoutingError (No route matches "/wp-content/themes/clc/tabber.js" with {:method=>:get}):
  

Rendering rescues/layout (not_found)


Processing ApplicationController#index (for 127.0.0.1 at 2009-09-30 19:46:42) [GET]

ActionController::RoutingError (No route matches "/wp-content/themes/clc/images/clcheader.jpg" with {:method=>:get}):
  

Rendering rescues/layout (not_found)


Processing UsersController#index (for 127.0.0.1 at 2009-09-30 19:48:10) [GET]
  Parameters: {"ticket"=>"ST-4615998-KZ9iOLNZxbLaRTVW881B"}
Request contains ticket "ST-4615998-KZ9iOLNZxbLaRTVW881B".
Guessed service url: "http://localhost:3000/users"
Re-using previously validated ticket since the ticket id and service are the same.
  [4;35;1mUser Load (0.4ms)[0m   [0mSELECT * FROM "users" [0m
Rendering template within layouts/application
Rendering users/index
Completed in 20ms (View: 14, DB: 0) | 200 OK [http://localhost/users?ticket=ST-4615998-KZ9iOLNZxbLaRTVW881B]


Processing ApplicationController#index (for 127.0.0.1 at 2009-09-30 19:48:10) [GET]

ActionController::RoutingError (No route matches "/wp-content/themes/clc/tabber.js" with {:method=>:get}):
  

Rendering rescues/layout (not_found)


Processing ApplicationController#index (for 127.0.0.1 at 2009-09-30 19:48:10) [GET]

ActionController::RoutingError (No route matches "/wp-content/themes/clc/images/clcheader.jpg" with {:method=>:get}):
  

Rendering rescues/layout (not_found)


Processing UsersController#index (for 127.0.0.1 at 2009-09-30 19:50:04) [GET]
  Parameters: {"ticket"=>"ST-4615998-KZ9iOLNZxbLaRTVW881B"}
Request contains ticket "ST-4615998-KZ9iOLNZxbLaRTVW881B".
Guessed service url: "http://localhost:3000/users"
Re-using previously validated ticket since the ticket id and service are the same.
  [4;36;1mUser Load (0.4ms)[0m   [0;1mSELECT * FROM "users" [0m
Rendering template within layouts/application
Rendering users/index
Completed in 20ms (View: 14, DB: 0) | 200 OK [http://localhost/users?ticket=ST-4615998-KZ9iOLNZxbLaRTVW881B]


Processing ApplicationController#index (for 127.0.0.1 at 2009-09-30 19:50:04) [GET]

ActionController::RoutingError (No route matches "/wp-content/themes/clc/tabber.js" with {:method=>:get}):
  

Rendering rescues/layout (not_found)


Processing ApplicationController#index (for 127.0.0.1 at 2009-09-30 19:50:04) [GET]

ActionController::RoutingError (No route matches "/wp-content/themes/clc/images/clcheader.jpg" with {:method=>:get}):
  

Rendering rescues/layout (not_found)


Processing UsersController#index (for 127.0.0.1 at 2009-09-30 19:50:10) [GET]
  Parameters: {"ticket"=>"ST-4615998-KZ9iOLNZxbLaRTVW881B"}
Request contains ticket "ST-4615998-KZ9iOLNZxbLaRTVW881B".
Guessed service url: "http://localhost:3000/users"
Re-using previously validated ticket since the ticket id and service are the same.
  [4;35;1mUser Load (0.5ms)[0m   [0mSELECT * FROM "users" [0m
Rendering template within layouts/application
Rendering users/index
Completed in 23ms (View: 14, DB: 1) | 200 OK [http://localhost/users?ticket=ST-4615998-KZ9iOLNZxbLaRTVW881B]


Processing ApplicationController#index (for 127.0.0.1 at 2009-09-30 19:50:10) [GET]

ActionController::RoutingError (No route matches "/wp-content/themes/clc/tabber.js" with {:method=>:get}):
  

Rendering rescues/layout (not_found)


Processing ApplicationController#index (for 127.0.0.1 at 2009-09-30 19:50:10) [GET]

ActionController::RoutingError (No route matches "/wp-content/themes/clc/images/clcheader.jpg" with {:method=>:get}):
  

Rendering rescues/layout (not_found)


Processing UsersController#index (for 127.0.0.1 at 2009-09-30 19:52:43) [GET]
  Parameters: {"ticket"=>"ST-4615998-KZ9iOLNZxbLaRTVW881B"}
Request contains ticket "ST-4615998-KZ9iOLNZxbLaRTVW881B".
Guessed service url: "http://localhost:3000/users"
Re-using previously validated ticket since the ticket id and service are the same.
  [4;36;1mUser Load (0.4ms)[0m   [0;1mSELECT * FROM "users" [0m
Rendering template within layouts/application
Rendering users/index
Completed in 15ms (View: 9, DB: 0) | 200 OK [http://localhost/users?ticket=ST-4615998-KZ9iOLNZxbLaRTVW881B]


Processing ApplicationController#index (for 127.0.0.1 at 2009-09-30 19:52:43) [GET]

ActionController::RoutingError (No route matches "/wp-content/themes/clc/tabber.js" with {:method=>:get}):
  

Rendering rescues/layout (not_found)


Processing ApplicationController#index (for 127.0.0.1 at 2009-09-30 19:52:43) [GET]

ActionController::RoutingError (No route matches "/wp-content/themes/clc/images/clcheader.jpg" with {:method=>:get}):
  

Rendering rescues/layout (not_found)


Processing UsersController#index (for 127.0.0.1 at 2009-09-30 19:53:38) [GET]
  Parameters: {"ticket"=>"ST-4615998-KZ9iOLNZxbLaRTVW881B"}
Request contains ticket "ST-4615998-KZ9iOLNZxbLaRTVW881B".
Guessed service url: "http://localhost:3000/users"
Re-using previously validated ticket since the ticket id and service are the same.
  [4;35;1mUser Load (1.0ms)[0m   [0mSELECT * FROM "users" [0m
Rendering template within layouts/application
Rendering users/index
Completed in 17ms (View: 9, DB: 1) | 200 OK [http://localhost/users?ticket=ST-4615998-KZ9iOLNZxbLaRTVW881B]


Processing ApplicationController#index (for 127.0.0.1 at 2009-09-30 19:53:38) [GET]

ActionController::RoutingError (No route matches "/wp-content/themes/clc/tabber.js" with {:method=>:get}):
  

Rendering rescues/layout (not_found)


Processing ApplicationController#index (for 127.0.0.1 at 2009-09-30 19:53:38) [GET]

ActionController::RoutingError (No route matches "/wp-content/themes/clc/images/clcheader.jpg" with {:method=>:get}):
  

Rendering rescues/layout (not_found)


Processing UsersController#index (for 127.0.0.1 at 2009-09-30 19:54:11) [GET]
  Parameters: {"ticket"=>"ST-4615998-KZ9iOLNZxbLaRTVW881B"}
Request contains ticket "ST-4615998-KZ9iOLNZxbLaRTVW881B".
Guessed service url: "http://localhost:3000/users"
Re-using previously validated ticket since the ticket id and service are the same.
  [4;36;1mUser Load (0.4ms)[0m   [0;1mSELECT * FROM "users" [0m
Rendering template within layouts/application
Rendering users/index
Completed in 16ms (View: 9, DB: 0) | 200 OK [http://localhost/users?ticket=ST-4615998-KZ9iOLNZxbLaRTVW881B]


Processing ApplicationController#index (for 127.0.0.1 at 2009-09-30 19:54:11) [GET]

ActionController::RoutingError (No route matches "/wp-content/themes/clc/tabber.js" with {:method=>:get}):
  

Rendering rescues/layout (not_found)


Processing ApplicationController#index (for 127.0.0.1 at 2009-09-30 19:54:11) [GET]

ActionController::RoutingError (No route matches "/wp-content/themes/clc/images/clcheader.jpg" with {:method=>:get}):
  

Rendering rescues/layout (not_found)


Processing UsersController#index (for 127.0.0.1 at 2009-09-30 19:56:54) [GET]
  Parameters: {"ticket"=>"ST-4615998-KZ9iOLNZxbLaRTVW881B"}
Request contains ticket "ST-4615998-KZ9iOLNZxbLaRTVW881B".
Guessed service url: "http://localhost:3000/users"
Re-using previously validated ticket since the ticket id and service are the same.
  [4;35;1mUser Load (0.5ms)[0m   [0mSELECT * FROM "users" [0m
Rendering template within layouts/application
Rendering users/index
Completed in 19ms (View: 11, DB: 0) | 200 OK [http://localhost/users?ticket=ST-4615998-KZ9iOLNZxbLaRTVW881B]


Processing ApplicationController#index (for 127.0.0.1 at 2009-09-30 19:56:54) [GET]

ActionController::RoutingError (No route matches "/wp-content/themes/clc/tabber.js" with {:method=>:get}):
  

Rendering rescues/layout (not_found)


Processing UsersController#index (for 127.0.0.1 at 2009-09-30 19:59:07) [GET]
  Parameters: {"ticket"=>"ST-4615998-KZ9iOLNZxbLaRTVW881B"}
Request contains ticket "ST-4615998-KZ9iOLNZxbLaRTVW881B".
Guessed service url: "http://localhost:3000/users"
Re-using previously validated ticket since the ticket id and service are the same.
  [4;36;1mUser Load (0.4ms)[0m   [0;1mSELECT * FROM "users" [0m
Rendering template within layouts/application
Rendering users/index
Completed in 18ms (View: 10, DB: 0) | 200 OK [http://localhost/users?ticket=ST-4615998-KZ9iOLNZxbLaRTVW881B]


Processing ApplicationController#index (for 127.0.0.1 at 2009-09-30 19:59:07) [GET]

ActionController::RoutingError (No route matches "/wp-content/themes/clc/tabber.js" with {:method=>:get}):
  

Rendering rescues/layout (not_found)


Processing ApplicationController#index (for 127.0.0.1 at 2009-09-30 19:59:07) [GET]

ActionController::RoutingError (No route matches "/wp-content/themes/clc/tabber.js" with {:method=>:get}):
  

Rendering rescues/layout (not_found)


Processing UsersController#index (for 127.0.0.1 at 2009-09-30 19:59:30) [GET]
  Parameters: {"ticket"=>"ST-4615998-KZ9iOLNZxbLaRTVW881B"}
Request contains ticket "ST-4615998-KZ9iOLNZxbLaRTVW881B".
Guessed service url: "http://localhost:3000/users"
Re-using previously validated ticket since the ticket id and service are the same.
  [4;35;1mUser Load (0.4ms)[0m   [0mSELECT * FROM "users" [0m
Rendering template within layouts/application
Rendering users/index
Completed in 17ms (View: 9, DB: 0) | 200 OK [http://localhost/users?ticket=ST-4615998-KZ9iOLNZxbLaRTVW881B]


Processing ApplicationController#index (for 127.0.0.1 at 2009-09-30 19:59:30) [GET]

ActionController::RoutingError (No route matches "/wp-content/themes/clc/tabber.js" with {:method=>:get}):
  

Rendering rescues/layout (not_found)


Processing UsersController#index (for 127.0.0.1 at 2009-09-30 20:00:15) [GET]
  Parameters: {"ticket"=>"ST-4615998-KZ9iOLNZxbLaRTVW881B"}
Request contains ticket "ST-4615998-KZ9iOLNZxbLaRTVW881B".
Guessed service url: "http://localhost:3000/users"
Re-using previously validated ticket since the ticket id and service are the same.
  [4;36;1mUser Load (0.5ms)[0m   [0;1mSELECT * FROM "users" [0m
Rendering template within layouts/application
Rendering users/index
Completed in 22ms (View: 10, DB: 0) | 200 OK [http://localhost/users?ticket=ST-4615998-KZ9iOLNZxbLaRTVW881B]


Processing ApplicationController#index (for 127.0.0.1 at 2009-09-30 20:00:15) [GET]

ActionController::RoutingError (No route matches "/wp-content/themes/clc/tabber.js" with {:method=>:get}):
  

Rendering rescues/layout (not_found)


Processing UsersController#index (for 127.0.0.1 at 2009-09-30 20:00:32) [GET]
  Parameters: {"ticket"=>"ST-4615998-KZ9iOLNZxbLaRTVW881B"}
Request contains ticket "ST-4615998-KZ9iOLNZxbLaRTVW881B".
Guessed service url: "http://localhost:3000/users"
Re-using previously validated ticket since the ticket id and service are the same.
  [4;35;1mUser Load (0.4ms)[0m   [0mSELECT * FROM "users" [0m
Rendering template within layouts/application
Rendering users/index
Completed in 15ms (View: 9, DB: 0) | 200 OK [http://localhost/users?ticket=ST-4615998-KZ9iOLNZxbLaRTVW881B]


Processing ApplicationController#index (for 127.0.0.1 at 2009-09-30 20:00:32) [GET]

ActionController::RoutingError (No route matches "/wp-content/themes/clc/tabber.js" with {:method=>:get}):
  

Rendering rescues/layout (not_found)


Processing ApplicationController#index (for 127.0.0.1 at 2009-09-30 20:00:32) [GET]

ActionController::RoutingError (No route matches "/wp-content/themes/clc/tabber.js" with {:method=>:get}):
  

Rendering rescues/layout (not_found)


Processing UsersController#index (for 127.0.0.1 at 2009-09-30 20:00:34) [GET]
Existing local CAS session detected for "rjl39". Previous ticket "ST-4615998-KZ9iOLNZxbLaRTVW881B" will be re-used.
  [4;36;1mUser Load (0.4ms)[0m   [0;1mSELECT * FROM "users" [0m
Rendering template within layouts/application
Rendering users/index
Completed in 7ms (View: 1, DB: 0) | 200 OK [http://localhost/users]


Processing ApplicationController#index (for 127.0.0.1 at 2009-09-30 20:00:34) [GET]

ActionController::RoutingError (No route matches "/wp-content/themes/clc/tabber.js" with {:method=>:get}):
  

Rendering rescues/layout (not_found)


Processing UsersController#index (for 127.0.0.1 at 2009-09-30 20:00:50) [GET]
Existing local CAS session detected for "rjl39". Previous ticket "ST-4615998-KZ9iOLNZxbLaRTVW881B" will be re-used.
  [4;35;1mUser Load (0.4ms)[0m   [0mSELECT * FROM "users" [0m
Rendering template within layouts/application
Rendering users/index
Completed in 15ms (View: 9, DB: 0) | 200 OK [http://localhost/users]


Processing ApplicationController#index (for 127.0.0.1 at 2009-09-30 20:00:50) [GET]

ActionController::RoutingError (No route matches "/wp-content/themes/clc/tabber.js" with {:method=>:get}):
  

Rendering rescues/layout (not_found)


Processing UsersController#index (for 127.0.0.1 at 2009-09-30 20:01:06) [GET]
Existing local CAS session detected for "rjl39". Previous ticket "ST-4615998-KZ9iOLNZxbLaRTVW881B" will be re-used.
  [4;36;1mUser Load (0.4ms)[0m   [0;1mSELECT * FROM "users" [0m
Rendering template within layouts/application
Rendering users/index
Completed in 16ms (View: 9, DB: 0) | 200 OK [http://localhost/users]


Processing ApplicationController#index (for 127.0.0.1 at 2009-09-30 20:01:06) [GET]

ActionController::RoutingError (No route matches "/wp-content/themes/clc/tabber.js" with {:method=>:get}):
  

Rendering rescues/layout (not_found)


Processing UsersController#index (for 127.0.0.1 at 2009-09-30 20:01:13) [GET]
Existing local CAS session detected for "rjl39". Previous ticket "ST-4615998-KZ9iOLNZxbLaRTVW881B" will be re-used.
  [4;35;1mUser Load (0.4ms)[0m   [0mSELECT * FROM "users" [0m
Rendering template within layouts/application
Rendering users/index
Completed in 17ms (View: 10, DB: 0) | 200 OK [http://localhost/users]


Processing ApplicationController#index (for 127.0.0.1 at 2009-09-30 20:01:13) [GET]

ActionController::RoutingError (No route matches "/wp-content/themes/clc/tabber.js" with {:method=>:get}):
  

Rendering rescues/layout (not_found)


Processing UsersController#index (for 127.0.0.1 at 2009-09-30 20:01:20) [GET]
Existing local CAS session detected for "rjl39". Previous ticket "ST-4615998-KZ9iOLNZxbLaRTVW881B" will be re-used.
  [4;36;1mUser Load (0.8ms)[0m   [0;1mSELECT * FROM "users" [0m
Rendering template within layouts/application
Rendering users/index
Completed in 72ms (View: 9, DB: 1) | 200 OK [http://localhost/users]


Processing ApplicationController#index (for 127.0.0.1 at 2009-09-30 20:01:21) [GET]

ActionController::RoutingError (No route matches "/wp-content/themes/clc/tabber.js" with {:method=>:get}):
  

Rendering rescues/layout (not_found)


Processing ApplicationController#index (for 127.0.0.1 at 2009-09-30 20:01:21) [GET]

ActionController::RoutingError (No route matches "/wp-content/themes/clc/tabber.js" with {:method=>:get}):
  

Rendering rescues/layout (not_found)


Processing UsersController#index (for 127.0.0.1 at 2009-09-30 20:01:26) [GET]
Existing local CAS session detected for "rjl39". Previous ticket "ST-4615998-KZ9iOLNZxbLaRTVW881B" will be re-used.
  [4;35;1mUser Load (0.4ms)[0m   [0mSELECT * FROM "users" [0m
Rendering template within layouts/application
Rendering users/index
Completed in 14ms (View: 9, DB: 0) | 200 OK [http://localhost/users]


Processing ApplicationController#index (for 127.0.0.1 at 2009-09-30 20:01:26) [GET]

ActionController::RoutingError (No route matches "/wp-content/themes/clc/tabber.js" with {:method=>:get}):
  

Rendering rescues/layout (not_found)


Processing UsersController#index (for 127.0.0.1 at 2009-09-30 20:01:31) [GET]
Existing local CAS session detected for "rjl39". Previous ticket "ST-4615998-KZ9iOLNZxbLaRTVW881B" will be re-used.
  [4;36;1mUser Load (0.5ms)[0m   [0;1mSELECT * FROM "users" [0m
Rendering template within layouts/application
Rendering users/index
Completed in 16ms (View: 9, DB: 0) | 200 OK [http://localhost/users]


Processing ApplicationController#index (for 127.0.0.1 at 2009-09-30 20:01:32) [GET]

ActionController::RoutingError (No route matches "/wp-content/themes/clc/tabber.js" with {:method=>:get}):
  

Rendering rescues/layout (not_found)


Processing ApplicationController#index (for 127.0.0.1 at 2009-09-30 20:01:32) [GET]

ActionController::RoutingError (No route matches "/wp-content/themes/clc/tabber.js" with {:method=>:get}):
  

Rendering rescues/layout (not_found)


Processing UsersController#index (for 127.0.0.1 at 2009-09-30 20:01:38) [GET]
Existing local CAS session detected for "rjl39". Previous ticket "ST-4615998-KZ9iOLNZxbLaRTVW881B" will be re-used.
  [4;35;1mUser Load (0.4ms)[0m   [0mSELECT * FROM "users" [0m
Rendering template within layouts/application
Rendering users/index
Completed in 70ms (View: 63, DB: 0) | 200 OK [http://localhost/users]


Processing ApplicationController#index (for 127.0.0.1 at 2009-09-30 20:01:39) [GET]

ActionController::RoutingError (No route matches "/wp-content/themes/clc/tabber.js" with {:method=>:get}):
  

Rendering rescues/layout (not_found)


Processing UsersController#index (for 127.0.0.1 at 2009-09-30 20:01:45) [GET]
Existing local CAS session detected for "rjl39". Previous ticket "ST-4615998-KZ9iOLNZxbLaRTVW881B" will be re-used.
  [4;36;1mUser Load (0.4ms)[0m   [0;1mSELECT * FROM "users" [0m
Rendering template within layouts/application
Rendering users/index
Completed in 15ms (View: 9, DB: 0) | 200 OK [http://localhost/users]


Processing ApplicationController#index (for 127.0.0.1 at 2009-09-30 20:01:45) [GET]

ActionController::RoutingError (No route matches "/wp-content/themes/clc/tabber.js" with {:method=>:get}):
  

Rendering rescues/layout (not_found)


Processing UsersController#index (for 127.0.0.1 at 2009-09-30 20:02:25) [GET]
Existing local CAS session detected for "rjl39". Previous ticket "ST-4615998-KZ9iOLNZxbLaRTVW881B" will be re-used.
  [4;35;1mUser Load (0.4ms)[0m   [0mSELECT * FROM "users" [0m
Rendering template within layouts/application
Rendering users/index
Completed in 16ms (View: 10, DB: 0) | 200 OK [http://localhost/users]


Processing ApplicationController#index (for 127.0.0.1 at 2009-09-30 20:02:25) [GET]

ActionController::RoutingError (No route matches "/wp-content/themes/clc/tabber.js" with {:method=>:get}):
  

Rendering rescues/layout (not_found)


Processing ApplicationController#index (for 127.0.0.1 at 2009-09-30 20:02:25) [GET]

ActionController::RoutingError (No route matches "/wp-content/themes/clc/tabber.js" with {:method=>:get}):
  

Rendering rescues/layout (not_found)


Processing UsersController#index (for 127.0.0.1 at 2009-09-30 20:02:34) [GET]
Existing local CAS session detected for "rjl39". Previous ticket "ST-4615998-KZ9iOLNZxbLaRTVW881B" will be re-used.
  [4;36;1mUser Load (0.4ms)[0m   [0;1mSELECT * FROM "users" [0m
Rendering template within layouts/application
Rendering users/index
Completed in 18ms (View: 11, DB: 0) | 200 OK [http://localhost/users]


Processing ApplicationController#index (for 127.0.0.1 at 2009-09-30 20:02:34) [GET]

ActionController::RoutingError (No route matches "/wp-content/themes/clc/tabber.js" with {:method=>:get}):
  

Rendering rescues/layout (not_found)


Processing UsersController#index (for 127.0.0.1 at 2009-09-30 20:02:47) [GET]
Existing local CAS session detected for "rjl39". Previous ticket "ST-4615998-KZ9iOLNZxbLaRTVW881B" will be re-used.
  [4;35;1mUser Load (0.4ms)[0m   [0mSELECT * FROM "users" [0m
Rendering template within layouts/application
Rendering users/index
Completed in 16ms (View: 9, DB: 0) | 200 OK [http://localhost/users]


Processing ApplicationController#index (for 127.0.0.1 at 2009-09-30 20:02:47) [GET]

ActionController::RoutingError (No route matches "/wp-content/themes/clc/tabber.js" with {:method=>:get}):
  

Rendering rescues/layout (not_found)


Processing UsersController#index (for 127.0.0.1 at 2009-09-30 20:04:33) [GET]
Existing local CAS session detected for "rjl39". Previous ticket "ST-4615998-KZ9iOLNZxbLaRTVW881B" will be re-used.
  [4;36;1mUser Load (0.4ms)[0m   [0;1mSELECT * FROM "users" [0m
Rendering template within layouts/application
Rendering users/index
Completed in 15ms (View: 9, DB: 0) | 200 OK [http://localhost/users]


Processing ApplicationController#index (for 127.0.0.1 at 2009-09-30 20:04:34) [GET]

ActionController::RoutingError (No route matches "/wp-content/themes/clc/tabber.js" with {:method=>:get}):
  

Rendering rescues/layout (not_found)


Processing UsersController#index (for 127.0.0.1 at 2009-09-30 20:04:53) [GET]
Existing local CAS session detected for "rjl39". Previous ticket "ST-4615998-KZ9iOLNZxbLaRTVW881B" will be re-used.
  [4;35;1mUser Load (0.4ms)[0m   [0mSELECT * FROM "users" [0m
Rendering template within layouts/application
Rendering users/index
Completed in 8ms (View: 1, DB: 0) | 200 OK [http://localhost/users]


Processing ApplicationController#index (for 127.0.0.1 at 2009-09-30 20:04:53) [GET]

ActionController::RoutingError (No route matches "/wp-content/themes/clc/tabber.js" with {:method=>:get}):
  

Rendering rescues/layout (not_found)


Processing UsersController#index (for 127.0.0.1 at 2009-09-30 20:05:08) [GET]
Existing local CAS session detected for "rjl39". Previous ticket "ST-4615998-KZ9iOLNZxbLaRTVW881B" will be re-used.
  [4;36;1mUser Load (0.4ms)[0m   [0;1mSELECT * FROM "users" [0m
Rendering template within layouts/application
Rendering users/index
Completed in 8ms (View: 1, DB: 0) | 200 OK [http://localhost/users]


Processing ApplicationController#index (for 127.0.0.1 at 2009-09-30 20:05:08) [GET]

ActionController::RoutingError (No route matches "/wp-content/themes/clc/tabber.js" with {:method=>:get}):
  

Rendering rescues/layout (not_found)


Processing UsersController#index (for 127.0.0.1 at 2009-09-30 20:05:12) [GET]
Existing local CAS session detected for "rjl39". Previous ticket "ST-4615998-KZ9iOLNZxbLaRTVW881B" will be re-used.
  [4;35;1mUser Load (0.4ms)[0m   [0mSELECT * FROM "users" [0m
Rendering template within layouts/application
Rendering users/index
Completed in 7ms (View: 1, DB: 0) | 200 OK [http://localhost/users]


Processing ApplicationController#index (for 127.0.0.1 at 2009-09-30 20:05:12) [GET]

ActionController::RoutingError (No route matches "/wp-content/themes/clc/tabber.js" with {:method=>:get}):
  

Rendering rescues/layout (not_found)


Processing UsersController#index (for 127.0.0.1 at 2009-09-30 20:05:19) [GET]
Existing local CAS session detected for "rjl39". Previous ticket "ST-4615998-KZ9iOLNZxbLaRTVW881B" will be re-used.
  [4;36;1mUser Load (0.4ms)[0m   [0;1mSELECT * FROM "users" [0m
Rendering template within layouts/application
Rendering users/index
Completed in 9ms (View: 1, DB: 0) | 200 OK [http://localhost/users]


Processing ApplicationController#index (for 127.0.0.1 at 2009-09-30 20:05:19) [GET]

ActionController::RoutingError (No route matches "/wp-content/themes/clc/tabber.js" with {:method=>:get}):
  

Rendering rescues/layout (not_found)


Processing UsersController#index (for 127.0.0.1 at 2009-09-30 20:05:33) [GET]
Existing local CAS session detected for "rjl39". Previous ticket "ST-4615998-KZ9iOLNZxbLaRTVW881B" will be re-used.
  [4;35;1mUser Load (0.6ms)[0m   [0mSELECT * FROM "users" [0m
Rendering template within layouts/application
Rendering users/index
Completed in 8ms (View: 1, DB: 1) | 200 OK [http://localhost/users]


Processing ApplicationController#index (for 127.0.0.1 at 2009-09-30 20:05:33) [GET]

ActionController::RoutingError (No route matches "/wp-content/themes/clc/tabber.js" with {:method=>:get}):
  

Rendering rescues/layout (not_found)


Processing UsersController#index (for 127.0.0.1 at 2009-09-30 20:06:12) [GET]
Existing local CAS session detected for "rjl39". Previous ticket "ST-4615998-KZ9iOLNZxbLaRTVW881B" will be re-used.
  [4;36;1mUser Load (0.4ms)[0m   [0;1mSELECT * FROM "users" [0m
Rendering template within layouts/application
Rendering users/index
Completed in 7ms (View: 1, DB: 0) | 200 OK [http://localhost/users]


Processing ApplicationController#index (for 127.0.0.1 at 2009-09-30 20:06:12) [GET]

ActionController::RoutingError (No route matches "/wp-content/themes/clc/tabber.js" with {:method=>:get}):
  

Rendering rescues/layout (not_found)


Processing UsersController#index (for 127.0.0.1 at 2009-09-30 20:06:43) [GET]
Existing local CAS session detected for "rjl39". Previous ticket "ST-4615998-KZ9iOLNZxbLaRTVW881B" will be re-used.
  [4;35;1mUser Load (0.4ms)[0m   [0mSELECT * FROM "users" [0m
Rendering template within layouts/application
Rendering users/index
Completed in 8ms (View: 1, DB: 0) | 200 OK [http://localhost/users]


Processing ApplicationController#index (for 127.0.0.1 at 2009-09-30 20:06:43) [GET]

ActionController::RoutingError (No route matches "/wp-content/themes/clc/tabber.js" with {:method=>:get}):
  

Rendering rescues/layout (not_found)


Processing ApplicationController#index (for 127.0.0.1 at 2009-09-30 20:06:43) [GET]

ActionController::RoutingError (No route matches "/wp-content/themes/clc/tabber.js" with {:method=>:get}):
  

Rendering rescues/layout (not_found)


Processing UsersController#index (for 127.0.0.1 at 2009-09-30 20:08:21) [GET]
Existing local CAS session detected for "rjl39". Previous ticket "ST-4615998-KZ9iOLNZxbLaRTVW881B" will be re-used.
  [4;36;1mUser Load (0.4ms)[0m   [0;1mSELECT * FROM "users" [0m
Rendering template within layouts/application
Rendering users/index
Completed in 18ms (View: 12, DB: 0) | 200 OK [http://localhost/users]


Processing ApplicationController#index (for 127.0.0.1 at 2009-09-30 20:08:21) [GET]

ActionController::RoutingError (No route matches "/wp-content/themes/clc/tabber.js" with {:method=>:get}):
  

Rendering rescues/layout (not_found)


Processing ApplicationController#index (for 127.0.0.1 at 2009-09-30 20:08:21) [GET]

ActionController::RoutingError (No route matches "/wp-content/themes/clc/tabber.js" with {:method=>:get}):
  

Rendering rescues/layout (not_found)


Processing UsersController#index (for 127.0.0.1 at 2009-09-30 20:08:31) [GET]
Existing local CAS session detected for "rjl39". Previous ticket "ST-4615998-KZ9iOLNZxbLaRTVW881B" will be re-used.
  [4;35;1mUser Load (0.5ms)[0m   [0mSELECT * FROM "users" [0m
Rendering template within layouts/application
Rendering users/index
Completed in 17ms (View: 10, DB: 0) | 200 OK [http://localhost/users]


Processing ApplicationController#index (for 127.0.0.1 at 2009-09-30 20:08:32) [GET]

ActionController::RoutingError (No route matches "/wp-content/themes/clc/tabber.js" with {:method=>:get}):
  

Rendering rescues/layout (not_found)


Processing UsersController#index (for 127.0.0.1 at 2009-09-30 20:08:36) [GET]
Existing local CAS session detected for "rjl39". Previous ticket "ST-4615998-KZ9iOLNZxbLaRTVW881B" will be re-used.
  [4;36;1mUser Load (0.4ms)[0m   [0;1mSELECT * FROM "users" [0m
Rendering template within layouts/application
Rendering users/index
Completed in 8ms (View: 1, DB: 0) | 200 OK [http://localhost/users]


Processing ApplicationController#index (for 127.0.0.1 at 2009-09-30 20:08:37) [GET]

ActionController::RoutingError (No route matches "/wp-content/themes/clc/tabber.js" with {:method=>:get}):
  

Rendering rescues/layout (not_found)


Processing UsersController#index (for 127.0.0.1 at 2009-09-30 20:08:38) [GET]
Existing local CAS session detected for "rjl39". Previous ticket "ST-4615998-KZ9iOLNZxbLaRTVW881B" will be re-used.
  [4;35;1mUser Load (0.4ms)[0m   [0mSELECT * FROM "users" [0m
Rendering template within layouts/application
Rendering users/index
Completed in 28ms (View: 1, DB: 0) | 200 OK [http://localhost/users]


Processing ApplicationController#index (for 127.0.0.1 at 2009-09-30 20:08:38) [GET]

ActionController::RoutingError (No route matches "/wp-content/themes/clc/tabber.js" with {:method=>:get}):
  

Rendering rescues/layout (not_found)


Processing UsersController#index (for 127.0.0.1 at 2009-09-30 20:08:48) [GET]
Existing local CAS session detected for "rjl39". Previous ticket "ST-4615998-KZ9iOLNZxbLaRTVW881B" will be re-used.
  [4;36;1mUser Load (0.6ms)[0m   [0;1mSELECT * FROM "users" [0m
Rendering template within layouts/application
Rendering users/index
Completed in 15ms (View: 9, DB: 1) | 200 OK [http://localhost/users]


Processing ApplicationController#index (for 127.0.0.1 at 2009-09-30 20:08:48) [GET]

ActionController::RoutingError (No route matches "/wp-content/themes/clc/tabber.js" with {:method=>:get}):
  

Rendering rescues/layout (not_found)


Processing UsersController#index (for 127.0.0.1 at 2009-09-30 20:09:07) [GET]
Existing local CAS session detected for "rjl39". Previous ticket "ST-4615998-KZ9iOLNZxbLaRTVW881B" will be re-used.
  [4;35;1mUser Load (0.4ms)[0m   [0mSELECT * FROM "users" [0m
Rendering template within layouts/application
Rendering users/index
Completed in 8ms (View: 1, DB: 0) | 200 OK [http://localhost/users]


Processing ApplicationController#index (for 127.0.0.1 at 2009-09-30 20:09:08) [GET]

ActionController::RoutingError (No route matches "/wp-content/themes/clc/tabber.js" with {:method=>:get}):
  

Rendering rescues/layout (not_found)


Processing UsersController#index (for 127.0.0.1 at 2009-09-30 20:09:13) [GET]
Existing local CAS session detected for "rjl39". Previous ticket "ST-4615998-KZ9iOLNZxbLaRTVW881B" will be re-used.
  [4;36;1mUser Load (0.4ms)[0m   [0;1mSELECT * FROM "users" [0m
Rendering template within layouts/application
Rendering users/index
Completed in 9ms (View: 1, DB: 0) | 200 OK [http://localhost/users]


Processing ApplicationController#index (for 127.0.0.1 at 2009-09-30 20:09:13) [GET]

ActionController::RoutingError (No route matches "/wp-content/themes/clc/tabber.js" with {:method=>:get}):
  

Rendering rescues/layout (not_found)


Processing ApplicationController#index (for 127.0.0.1 at 2009-09-30 20:09:13) [GET]

ActionController::RoutingError (No route matches "/wp-content/themes/clc/tabber.js" with {:method=>:get}):
  

Rendering rescues/layout (not_found)


Processing UsersController#index (for 127.0.0.1 at 2009-09-30 20:09:25) [GET]
Existing local CAS session detected for "rjl39". Previous ticket "ST-4615998-KZ9iOLNZxbLaRTVW881B" will be re-used.
  [4;35;1mUser Load (0.5ms)[0m   [0mSELECT * FROM "users" [0m
Rendering template within layouts/application
Rendering users/index
Completed in 10ms (View: 1, DB: 0) | 200 OK [http://localhost/users]


Processing ApplicationController#index (for 127.0.0.1 at 2009-09-30 20:09:25) [GET]

ActionController::RoutingError (No route matches "/wp-content/themes/clc/tabber.js" with {:method=>:get}):
  

Rendering rescues/layout (not_found)


Processing UsersController#index (for 127.0.0.1 at 2009-09-30 20:09:40) [GET]
Existing local CAS session detected for "rjl39". Previous ticket "ST-4615998-KZ9iOLNZxbLaRTVW881B" will be re-used.
  [4;36;1mUser Load (0.4ms)[0m   [0;1mSELECT * FROM "users" [0m
Rendering template within layouts/application
Rendering users/index
Completed in 7ms (View: 1, DB: 0) | 200 OK [http://localhost/users]


Processing ApplicationController#index (for 127.0.0.1 at 2009-09-30 20:09:40) [GET]

ActionController::RoutingError (No route matches "/wp-content/themes/clc/tabber.js" with {:method=>:get}):
  

Rendering rescues/layout (not_found)


Processing UsersController#index (for 127.0.0.1 at 2009-09-30 20:10:09) [GET]
Existing local CAS session detected for "rjl39". Previous ticket "ST-4615998-KZ9iOLNZxbLaRTVW881B" will be re-used.
  [4;35;1mUser Load (0.4ms)[0m   [0mSELECT * FROM "users" [0m
Rendering template within layouts/application
Rendering users/index
Completed in 9ms (View: 1, DB: 0) | 200 OK [http://localhost/users]


Processing ApplicationController#index (for 127.0.0.1 at 2009-09-30 20:10:09) [GET]

ActionController::RoutingError (No route matches "/wp-content/themes/clc/tabber.js" with {:method=>:get}):
  

Rendering rescues/layout (not_found)


Processing ApplicationController#index (for 127.0.0.1 at 2009-09-30 20:10:09) [GET]

ActionController::RoutingError (No route matches "/wp-content/themes/clc/tabber.js" with {:method=>:get}):
  

Rendering rescues/layout (not_found)


Processing UsersController#index (for 127.0.0.1 at 2009-09-30 20:10:50) [GET]
Existing local CAS session detected for "rjl39". Previous ticket "ST-4615998-KZ9iOLNZxbLaRTVW881B" will be re-used.
  [4;36;1mUser Load (0.4ms)[0m   [0;1mSELECT * FROM "users" [0m
Rendering template within layouts/application
Rendering users/index
Completed in 7ms (View: 1, DB: 0) | 200 OK [http://localhost/users]


Processing ApplicationController#index (for 127.0.0.1 at 2009-09-30 20:10:50) [GET]

ActionController::RoutingError (No route matches "/wp-content/themes/clc/tabber.js" with {:method=>:get}):
  

Rendering rescues/layout (not_found)


Processing ApplicationController#index (for 127.0.0.1 at 2009-09-30 20:10:58) [GET]

ActionController::RoutingError (No route matches "/index.php" with {:method=>:get}):
  

Rendering rescues/layout (not_found)


Processing UsersController#index (for 127.0.0.1 at 2009-09-30 20:11:30) [GET]
Existing local CAS session detected for "rjl39". Previous ticket "ST-4615998-KZ9iOLNZxbLaRTVW881B" will be re-used.
  [4;35;1mUser Load (0.4ms)[0m   [0mSELECT * FROM "users" [0m
Rendering template within layouts/application
Rendering users/index
Completed in 15ms (View: 9, DB: 0) | 200 OK [http://localhost/users]


Processing ApplicationController#index (for 127.0.0.1 at 2009-09-30 20:11:30) [GET]

ActionController::RoutingError (No route matches "/wp-content/themes/clc/tabber.js" with {:method=>:get}):
  

Rendering rescues/layout (not_found)
